<?xml version="1.0" encoding="UTF-8"?>
<testsuite name="ImporterTest" tests="6" skipped="0" failures="0" errors="0" timestamp="2024-11-05T08:38:30" hostname="PC3" time="0.074">
  <properties/>
  <testcase name="testImportBookWithIncorrectCSV()" classname="ImporterTest" time="0.03"/>
  <testcase name="testImportCustomer()" classname="ImporterTest" time="0.009"/>
  <testcase name="testImportCustomerWithDuplicate()" classname="ImporterTest" time="0.005"/>
  <testcase name="testImportBookCopy()" classname="ImporterTest" time="0.012"/>
  <testcase name="testImportBook()" classname="ImporterTest" time="0.006"/>
  <testcase name="testImportBookCopyWithNonExistentBook()" classname="ImporterTest" time="0.006"/>
  <system-out><![CDATA[The CSV file is incorrect.

Customer 1
---------------
First Name: Miguel
Name: Cid
Mail: miguel.cid@tum.de
Phone Number: 123-456-7890
---------------
All customers were imported successfully!

Customer 1
---------------
First Name: Miguel
Name: Cid
Mail: miguel.cid@tum.de
Phone Number: 123-456-7890
---------------
Customer with same mail is already created.

All customers were imported successfully!

Book Copy 1
---------------
ISBN: 978-0201485677
Shelf Location: A2
Publisher: LibrosPeter
---------------
All book copies were imported successfully!

Book 1
---------------
Title: Effective Java
Author: Joshua Bloch
ISBN: 978-0134685991
Year: 1987
---------------
All books were imported successfully!
The CSV file is incorrect.
]]></system-out>
  <system-err><![CDATA[]]></system-err>
</testsuite>
